2022-02-19 02:14:26,245 - root - INFO - Testing file: ./file/FF++_tests.txt.
2022-02-19 02:14:26,245 - root - INFO - PGD attack with eps 0.016, alpha 0.0039, and iteration 15.
2022-02-19 02:14:26,262 - root - INFO - Model Xception.
2022-02-19 02:14:29,609 - root - INFO - After Attack
2022-02-19 04:54:55,097 - root - INFO - Testing: F1 Score 0.0987, Accuracy 0.1095, AUC 0.0000.
2022-02-19 04:54:56,456 - root - INFO - Testing file: ./file/FF++_tests.txt.
2022-02-19 04:54:56,456 - root - INFO - PGD attack with eps 0.016, alpha 0.0039, and iteration 30.
2022-02-19 04:54:56,481 - root - INFO - Model Xception.
2022-02-19 04:54:59,916 - root - INFO - After Attack
2022-02-19 10:24:44,176 - root - INFO - Testing: F1 Score 0.0498, Accuracy 0.0524, AUC 0.0000.
2022-02-19 10:24:45,521 - root - INFO - Testing file: ./file/FF++_tests.txt.
2022-02-19 10:24:45,521 - root - INFO - PGD attack with eps 0.024, alpha 0.0039, and iteration 15.
2022-02-19 10:24:45,550 - root - INFO - Model Xception.
2022-02-19 10:24:48,911 - root - INFO - After Attack
2022-02-19 13:05:11,666 - root - INFO - Testing: F1 Score 0.2251, Accuracy 0.2905, AUC 0.0000.
2022-02-19 13:05:13,007 - root - INFO - Testing file: ./file/FF++_tests.txt.
2022-02-19 13:05:13,008 - root - INFO - PGD attack with eps 0.024, alpha 0.0039, and iteration 30.
2022-02-19 13:05:13,034 - root - INFO - Model Xception.
2022-02-19 13:05:16,475 - root - INFO - After Attack
2022-02-19 18:42:24,462 - root - INFO - Testing: F1 Score 0.0455, Accuracy 0.0476, AUC 0.0000.
2022-02-19 18:42:25,842 - root - INFO - Testing file: ./file/FF++_tests.txt.
2022-02-19 18:42:25,842 - root - INFO - PGD attack with eps 0.032, alpha 0.0039, and iteration 15.
2022-02-19 18:42:25,867 - root - INFO - Model Xception.
2022-02-19 18:42:29,245 - root - INFO - After Attack
2022-02-19 21:20:55,989 - root - INFO - Testing: F1 Score 0.2857, Accuracy 0.4000, AUC 0.0000.
2022-02-19 21:20:57,361 - root - INFO - Testing file: ./file/FF++_tests.txt.
2022-02-19 21:20:57,361 - root - INFO - PGD attack with eps 0.032, alpha 0.0039, and iteration 30.
2022-02-19 21:20:57,387 - root - INFO - Model Xception.
2022-02-19 21:21:00,750 - root - INFO - After Attack
2022-02-20 02:24:57,598 - root - INFO - Testing: F1 Score 0.0583, Accuracy 0.0619, AUC 0.0000.
