2022-02-19 00:57:52,524 - root - INFO - Testing file: ./file/FF++_test.txt.
2022-02-19 00:57:52,524 - root - INFO - PGD attack with eps 0.005, alpha 0.0039, and iteration 5.
2022-02-19 00:57:52,543 - root - INFO - Model XDeception.
2022-02-19 00:57:55,587 - root - INFO - Before Attack
2022-02-19 00:58:57,514 - root - INFO - Testing: F1_WSRT 0.3945, Acc_WSRT 0.3957, AUC_WSRT 0.6613, F1_SP 0.3697, Acc_SP 0.3700, AUC_SP 0.5494
2022-02-19 00:58:57,514 - root - INFO - Accuracy with SP. FaceSwap: 0.2857 Deepfakes: 0.2500 Real: 0.8714 Face2Face: 0.2357 NeuralTextures: 0.2071
2022-02-19 00:58:57,514 - root - INFO - Accuracy with WSRT. FaceSwap: 0.3000 Deepfakes: 0.2857 Real: 0.8786 Face2Face: 0.2857 NeuralTextures: 0.2286
2022-02-19 00:58:57,514 - root - INFO - After Attack
2022-02-19 01:04:04,976 - root - INFO - Testing: F1_WSRT 0.9978, Acc_WSRT 0.9986, AUC_WSRT 1.0000.
2022-02-19 01:04:06,333 - root - INFO - Testing file: ./file/FF++_test.txt.
2022-02-19 01:04:06,333 - root - INFO - PGD attack with eps 0.005, alpha 0.0039, and iteration 15.
2022-02-19 01:04:06,351 - root - INFO - Model XDeception.
2022-02-19 01:04:09,477 - root - INFO - After Attack
2022-02-19 01:18:51,011 - root - INFO - Testing: F1_WSRT 1.0000, Acc_WSRT 1.0000, AUC_WSRT 1.0000.
2022-02-19 01:18:52,338 - root - INFO - Testing file: ./file/FF++_test.txt.
2022-02-19 01:18:52,338 - root - INFO - PGD attack with eps 0.010, alpha 0.0039, and iteration 5.
2022-02-19 01:18:52,357 - root - INFO - Model XDeception.
2022-02-19 01:18:55,469 - root - INFO - After Attack
2022-02-19 01:23:12,354 - root - INFO - Testing: F1_WSRT 1.0000, Acc_WSRT 1.0000, AUC_WSRT 1.0000.
2022-02-19 01:23:13,685 - root - INFO - Testing file: ./file/FF++_test.txt.
2022-02-19 01:23:13,686 - root - INFO - PGD attack with eps 0.010, alpha 0.0039, and iteration 15.
2022-02-19 01:23:13,704 - root - INFO - Model XDeception.
2022-02-19 01:23:16,744 - root - INFO - After Attack
2022-02-19 01:35:31,755 - root - INFO - Testing: F1_WSRT 1.0000, Acc_WSRT 1.0000, AUC_WSRT 1.0000.
2022-02-19 01:35:33,066 - root - INFO - Testing file: ./file/FF++_test.txt.
2022-02-19 01:35:33,066 - root - INFO - PGD attack with eps 0.020, alpha 0.0039, and iteration 5.
2022-02-19 01:35:33,085 - root - INFO - Model XDeception.
2022-02-19 01:35:36,116 - root - INFO - After Attack
2022-02-19 01:40:03,889 - root - INFO - Testing: F1_WSRT 1.0000, Acc_WSRT 1.0000, AUC_WSRT 1.0000.
2022-02-19 01:40:05,233 - root - INFO - Testing file: ./file/FF++_test.txt.
2022-02-19 01:40:05,233 - root - INFO - PGD attack with eps 0.020, alpha 0.0039, and iteration 15.
2022-02-19 01:40:05,252 - root - INFO - Model XDeception.
2022-02-19 01:40:08,526 - root - INFO - After Attack
2022-02-19 01:53:24,849 - root - INFO - Testing: F1_WSRT 1.0000, Acc_WSRT 1.0000, AUC_WSRT 1.0000.
