2022-02-21 10:48:09,986 - root - INFO - Testing file: ./file/FF++_test.txt.
2022-02-21 10:48:09,986 - root - INFO - PGD attack with eps 0.005, alpha 0.0039, and iteration 5.
2022-02-21 10:48:10,000 - root - INFO - Model XDeception.
2022-02-21 10:48:13,320 - root - INFO - Before Attack
2022-02-21 10:49:14,291 - root - INFO - Testing: F1_WSRT 0.9825, Acc_WSRT 0.9886, AUC_WSRT 0.9979, F1_SP 0.9843, Acc_SP 0.9900, AUC_SP 0.9993
2022-02-21 10:49:14,291 - root - INFO - Accuracy with SP. FaceSwap: 1.0000 Deepfakes: 0.9929 Real: 0.9714 Face2Face: 0.9929 NeuralTextures: 0.9929
2022-02-21 10:49:14,291 - root - INFO - Accuracy with WSRT. FaceSwap: 0.9857 Deepfakes: 0.9857 Real: 1.0000 Face2Face: 0.9857 NeuralTextures: 0.9857
2022-02-21 10:49:14,292 - root - INFO - After Attack
2022-02-21 10:53:34,410 - root - INFO - Testing: F1_WSRT 1.0000, Acc_WSRT 1.0000, AUC_WSRT 1.0000.
2022-02-21 10:53:35,765 - root - INFO - Testing file: ./file/FF++_test.txt.
2022-02-21 10:53:35,766 - root - INFO - PGD attack with eps 0.005, alpha 0.0039, and iteration 15.
2022-02-21 10:53:35,779 - root - INFO - Model XDeception.
2022-02-21 10:53:39,088 - root - INFO - After Attack
2022-02-21 11:06:00,494 - root - INFO - Testing: F1_WSRT 1.0000, Acc_WSRT 1.0000, AUC_WSRT 1.0000.
2022-02-21 11:06:01,846 - root - INFO - Testing file: ./file/FF++_test.txt.
2022-02-21 11:06:01,846 - root - INFO - PGD attack with eps 0.010, alpha 0.0039, and iteration 5.
2022-02-21 11:06:01,859 - root - INFO - Model XDeception.
2022-02-21 11:06:05,225 - root - INFO - After Attack
2022-02-21 11:10:26,469 - root - INFO - Testing: F1_WSRT 1.0000, Acc_WSRT 1.0000, AUC_WSRT 1.0000.
2022-02-21 11:10:27,842 - root - INFO - Testing file: ./file/FF++_test.txt.
2022-02-21 11:10:27,842 - root - INFO - PGD attack with eps 0.010, alpha 0.0039, and iteration 15.
2022-02-21 11:10:27,855 - root - INFO - Model XDeception.
2022-02-21 11:10:31,242 - root - INFO - After Attack
2022-02-21 11:22:52,627 - root - INFO - Testing: F1_WSRT 1.0000, Acc_WSRT 1.0000, AUC_WSRT 1.0000.
2022-02-21 11:22:53,987 - root - INFO - Testing file: ./file/FF++_test.txt.
2022-02-21 11:22:53,987 - root - INFO - PGD attack with eps 0.020, alpha 0.0039, and iteration 5.
2022-02-21 11:22:54,005 - root - INFO - Model XDeception.
2022-02-21 11:22:57,302 - root - INFO - After Attack
2022-02-21 11:27:18,527 - root - INFO - Testing: F1_WSRT 1.0000, Acc_WSRT 1.0000, AUC_WSRT 1.0000.
2022-02-21 11:27:19,898 - root - INFO - Testing file: ./file/FF++_test.txt.
2022-02-21 11:27:19,898 - root - INFO - PGD attack with eps 0.020, alpha 0.0039, and iteration 15.
2022-02-21 11:27:19,907 - root - INFO - Model XDeception.
2022-02-21 11:27:23,295 - root - INFO - After Attack
2022-02-21 11:39:45,991 - root - INFO - Testing: F1_WSRT 1.0000, Acc_WSRT 1.0000, AUC_WSRT 1.0000.
